<?xml version="1.0" encoding="UTF-8"?>
<!-- Generated by org.testng.reporters.JUnitReportReporter -->
<testsuite skipped="0" hostname="DESKTOP-RHO29GN" name="junitcucumber.Check3MessageBoxesTest" tests="1" failures="0" timestamp="09 сен 2018 09:18:31 GMT" time="3.146" errors="0">
  <testcase name="feature" time="3.146" classname="junitcucumber.Check3MessageBoxesTest"/>
</testsuite> <!-- junitcucumber.Check3MessageBoxesTest -->
