<?xml version="1.0" encoding="UTF-8"?>
<!-- Generated by org.testng.reporters.JUnitReportReporter -->
<testsuite skipped="0" hostname="DESKTOP-RHO29GN" name="DeleteEmailTest" tests="1" failures="0" timestamp="19 авг 2018 12:23:43 GMT" time="17.038" errors="0">
  <testcase name="DeleteEmail" time="17.038" classname="DeleteEmailTest"/>
</testsuite> <!-- DeleteEmailTest -->
