<?xml version="1.0" encoding="UTF-8"?>
<!-- Generated by org.testng.reporters.JUnitReportReporter -->
<testsuite skipped="0" hostname="DESKTOP-RHO29GN" name="MoveEmailFromSpamTest" tests="1" failures="0" timestamp="18 авг 2018 22:23:26 GMT" time="15.736" errors="0">
  <testcase name="MoveEmailFromSpam" time="15.736" classname="MoveEmailFromSpamTest"/>
</testsuite> <!-- MoveEmailFromSpamTest -->
