<?xml version="1.0" encoding="UTF-8"?>
<!-- Generated by org.testng.reporters.JUnitReportReporter -->
<testsuite skipped="0" hostname="DESKTOP-RHO29GN" name="CleanWasteBinTest" tests="1" failures="0" timestamp="18 авг 2018 22:12:56 GMT" time="15.215" errors="0">
  <testcase name="CleanWasteBin" time="15.215" classname="CleanWasteBinTest"/>
</testsuite> <!-- CleanWasteBinTest -->
