<?xml version="1.0" encoding="UTF-8"?>
<!-- Generated by org.testng.reporters.JUnitReportReporter -->
<testsuite skipped="0" hostname="DESKTOP-RHO29GN" name="MoveEmailToSpamTest" tests="1" failures="0" timestamp="19 авг 2018 12:26:08 GMT" time="16.083" errors="0">
  <testcase name="MoveEmailToSpam" time="16.083" classname="MoveEmailToSpamTest"/>
</testsuite> <!-- MoveEmailToSpamTest -->
