<?xml version="1.0" encoding="UTF-8"?>
<!-- Generated by org.testng.reporters.JUnitReportReporter -->
<testsuite skipped="0" hostname="DESKTOP-RHO29GN" name="LoginPageTest" tests="1" failures="0" timestamp="17 авг 2018 10:33:36 GMT" time="1.446" errors="0">
  <testcase name="f" time="1.446" classname="LoginPageTest"/>
</testsuite> <!-- LoginPageTest -->
