<?xml version="1.0" encoding="UTF-8"?>
<!-- Generated by org.testng.reporters.JUnitReportReporter -->
<testsuite skipped="0" hostname="DESKTOP-RHO29GN" name="DeleteAllCheckBoxesAtOnceTest" tests="1" failures="0" timestamp="19 авг 2018 00:17:40 GMT" time="17.066" errors="0">
  <testcase name="DeleteAllCheckBoxesAtOnce" time="17.066" classname="DeleteAllCheckBoxesAtOnceTest"/>
</testsuite> <!-- DeleteAllCheckBoxesAtOnceTest -->
