<?xml version="1.0" encoding="UTF-8"?>
<!-- Generated by org.testng.reporters.JUnitReportReporter -->
<testsuite skipped="0" hostname="DESKTOP-RHO29GN" name="Check3MessageBoxesTest" tests="1" failures="0" timestamp="19 авг 2018 00:16:45 GMT" time="17.734" errors="0">
  <testcase name="check3MessageBoxes" time="17.734" classname="Check3MessageBoxesTest"/>
</testsuite> <!-- Check3MessageBoxesTest -->
