<?xml version="1.0" encoding="UTF-8"?>
<!-- Generated by org.testng.reporters.JUnitReportReporter -->
<testsuite skipped="0" hostname="DESKTOP-RHO29GN" name="FindElementTest" tests="7" failures="0" timestamp="18 авг 2018 22:19:22 GMT" time="1.042" errors="0">
  <testcase name="findElementOdnokassniki" time="0.100" classname="FindElementTest"/>
  <testcase name="findElementAgentMailRu" time="0.273" classname="FindElementTest"/>
  <testcase name="findElementGoroscop" time="0.243" classname="FindElementTest"/>
  <testcase name="findElementTVProgramma" time="0.123" classname="FindElementTest"/>
  <testcase name="findElementTovari" time="0.106" classname="FindElementTest"/>
  <testcase name="findElementICQ" time="0.094" classname="FindElementTest"/>
  <testcase name="findElementMojMir" time="0.103" classname="FindElementTest"/>
</testsuite> <!-- FindElementTest -->
